eeschema (2013-07-07 BZR 4022)-stable  >> Creation date: 12/10/2014 7:18:33 PM
#Cmp ( order = Reference )
| C1         10uF        
| C2         10uF        
| C3         1uF         
| CON1       AVR-ISP-6   
| D1         RED         
| IC1        ATTINY85-S  
| P1         LED_4       
| P2         LED_3       
| P3         LED_2       
| P4         LED_1       
| P5         CONN_1      
| P6         CONN_1      
| P7         CONN_1      
| R1         82          
| R2         82          
| R3         82          
| R4         82          
| R5         130         
| R6         47K         
| RG1        TC1262      
| U1         MINI-B_USB  
#End Cmp

#Cmp ( order = Value )
| 1uF          C3        
| 10uF         C1        
| 10uF         C2        
| AVR-ISP-6    CON1      
| RED          D1        
| ATTINY85-S   IC1       
| LED_4        P1        
| LED_3        P2        
| LED_2        P3        
| LED_1        P4        
| CONN_1       P5        
| CONN_1       P6        
| CONN_1       P7        
| 82           R1        
| 82           R2        
| 82           R3        
| 82           R4        
| 130          R5        
| 47K          R6        
| TC1262       RG1       
| MINI-B_USB   U1        
#End Cmp

#End List
