eeschema (2013-07-07 BZR 4022)-stable  >> Creation date: 12/5/2014 8:27:53 PM
#Cmp ( order = Reference )
| C1         10uF        
| C2         10uF        
| C3         1uF         
| CON1       AVR-ISP-6   
| D1         RED         
| IC1        ATTINY85-S  
| P1         CONN_11     
| R1         82          
| R2         82          
| R3         82          
| R4         82          
| R5         130         
| R6         47K         
| RG1        TC1262      
| U1         MINI-B_USB  
#End Cmp

#Cmp ( order = Value )
| 1uF          C3        
| 10uF         C1        
| 10uF         C2        
| AVR-ISP-6    CON1      
| RED          D1        
| ATTINY85-S   IC1       
| CONN_11      P1        
| 82           R1        
| 82           R2        
| 82           R3        
| 82           R4        
| 130          R5        
| 47K          R6        
| TC1262       RG1       
| MINI-B_USB   U1        
#End Cmp

#End List
